<?xml version="1.0" encoding="UTF-8"?>
<testng-results skipped="0" failed="1" ignored="0" total="3" passed="2">
  <reporter-output>
  </reporter-output>
  <suite name="Suite" duration-ms="88060" started-at="2020-04-03T04:57:28Z" finished-at="2020-04-03T04:58:56Z">
    <groups>
    </groups>
    <test name="Test" duration-ms="88060" started-at="2020-04-03T04:57:28Z" finished-at="2020-04-03T04:58:56Z">
      <class name="com.hrm.qa.testcases.AdminPageTest">
        <test-method status="PASS" signature="setup()[pri:0, instance:com.hrm.qa.testcases.AdminPageTest@fee8e7]" name="setup" is-config="true" duration-ms="13384" started-at="2020-04-03T04:58:04Z" finished-at="2020-04-03T04:58:18Z">
          <reporter-output>
          </reporter-output>
        </test-method> <!-- setup -->
        <test-method status="PASS" signature="clickonadminpageTest()[pri:1, instance:com.hrm.qa.testcases.AdminPageTest@fee8e7]" name="clickonadminpageTest" duration-ms="26504" started-at="2020-04-03T04:58:18Z" finished-at="2020-04-03T04:58:44Z">
          <reporter-output>
          </reporter-output>
        </test-method> <!-- clickonadminpageTest -->
      </class> <!-- com.hrm.qa.testcases.AdminPageTest -->
      <class name="com.hrm.qa.testcases.Admin_PaygradesTest">
        <test-method status="PASS" signature="setextent()[pri:0, instance:com.hrm.qa.testcases.Admin_PaygradesTest@4aea35]" name="setextent" is-config="true" duration-ms="237" started-at="2020-04-03T04:57:28Z" finished-at="2020-04-03T04:57:28Z">
          <reporter-output>
          </reporter-output>
        </test-method> <!-- setextent -->
        <test-method status="PASS" signature="setextent()[pri:0, instance:com.hrm.qa.testcases.LoginpageTest@42d7b5]" name="setextent" is-config="true" duration-ms="1" started-at="2020-04-03T04:57:28Z" finished-at="2020-04-03T04:57:28Z">
          <reporter-output>
          </reporter-output>
        </test-method> <!-- setextent -->
        <test-method status="PASS" signature="setup()[pri:0, instance:com.hrm.qa.testcases.Admin_PaygradesTest@4aea35]" name="setup" is-config="true" duration-ms="13696" started-at="2020-04-03T04:57:28Z" finished-at="2020-04-03T04:57:42Z">
          <reporter-output>
          </reporter-output>
        </test-method> <!-- setup -->
        <test-method status="FAIL" signature="clickonadminpageTest()[pri:1, instance:com.hrm.qa.testcases.Admin_PaygradesTest@4aea35]" name="clickonadminpageTest" duration-ms="22257" started-at="2020-04-03T04:57:42Z" finished-at="2020-04-03T04:58:04Z">
          <exception class="org.openqa.selenium.NoSuchElementException">
            <message>
              <![CDATA[no such element: Unable to locate element: {"method":"css selector","selector":"#payGrade_name"}
  (Session info: chrome=80.0.3987.162)
For documentation on this error, please visit: https://www.seleniumhq.org/exceptions/no_such_element.html
Build info: version: '3.141.59', revision: 'e82be7d358', time: '2018-11-14T08:17:03'
System info: host: 'RAVINDRAPC', ip: '192.168.43.56', os.name: 'Windows 10', os.arch: 'x86', os.version: '10.0', java.version: '1.8.0_141'
Driver info: org.openqa.selenium.chrome.ChromeDriver
Capabilities {acceptInsecureCerts: false, browserName: chrome, browserVersion: 80.0.3987.162, chrome: {chromedriverVersion: 80.0.3987.106 (f68069574609..., userDataDir: C:\Windows\TEMP\scoped_dir1...}, goog:chromeOptions: {debuggerAddress: localhost:51537}, javascriptEnabled: true, networkConnectionEnabled: false, pageLoadStrategy: normal, platform: WINDOWS, platformName: WINDOWS, proxy: Proxy(), setWindowRect: true, strictFileInteractability: false, timeouts: {implicit: 0, pageLoad: 300000, script: 30000}, unhandledPromptBehavior: dismiss and notify}
Session ID: ffe9c31dda559e53d8b0c9ca1ca67ac0
*** Element info: {Using=id, value=payGrade_name}]]>
            </message>
            <full-stacktrace>
              <![CDATA[org.openqa.selenium.NoSuchElementException: no such element: Unable to locate element: {"method":"css selector","selector":"#payGrade_name"}
  (Session info: chrome=80.0.3987.162)
For documentation on this error, please visit: https://www.seleniumhq.org/exceptions/no_such_element.html
Build info: version: '3.141.59', revision: 'e82be7d358', time: '2018-11-14T08:17:03'
System info: host: 'RAVINDRAPC', ip: '192.168.43.56', os.name: 'Windows 10', os.arch: 'x86', os.version: '10.0', java.version: '1.8.0_141'
Driver info: org.openqa.selenium.chrome.ChromeDriver
Capabilities {acceptInsecureCerts: false, browserName: chrome, browserVersion: 80.0.3987.162, chrome: {chromedriverVersion: 80.0.3987.106 (f68069574609..., userDataDir: C:\Windows\TEMP\scoped_dir1...}, goog:chromeOptions: {debuggerAddress: localhost:51537}, javascriptEnabled: true, networkConnectionEnabled: false, pageLoadStrategy: normal, platform: WINDOWS, platformName: WINDOWS, proxy: Proxy(), setWindowRect: true, strictFileInteractability: false, timeouts: {implicit: 0, pageLoad: 300000, script: 30000}, unhandledPromptBehavior: dismiss and notify}
Session ID: ffe9c31dda559e53d8b0c9ca1ca67ac0
*** Element info: {Using=id, value=payGrade_name}
at sun.reflect.NativeConstructorAccessorImpl.newInstance0(Native Method)
at sun.reflect.NativeConstructorAccessorImpl.newInstance(NativeConstructorAccessorImpl.java:62)
at sun.reflect.DelegatingConstructorAccessorImpl.newInstance(DelegatingConstructorAccessorImpl.java:45)
at java.lang.reflect.Constructor.newInstance(Constructor.java:423)
at org.openqa.selenium.remote.http.W3CHttpResponseCodec.createException(W3CHttpResponseCodec.java:187)
at org.openqa.selenium.remote.http.W3CHttpResponseCodec.decode(W3CHttpResponseCodec.java:122)
at org.openqa.selenium.remote.http.W3CHttpResponseCodec.decode(W3CHttpResponseCodec.java:49)
at org.openqa.selenium.remote.HttpCommandExecutor.execute(HttpCommandExecutor.java:158)
at org.openqa.selenium.remote.service.DriverCommandExecutor.execute(DriverCommandExecutor.java:83)
at org.openqa.selenium.remote.RemoteWebDriver.execute(RemoteWebDriver.java:552)
at org.openqa.selenium.remote.RemoteWebDriver.findElement(RemoteWebDriver.java:323)
at org.openqa.selenium.remote.RemoteWebDriver.findElementById(RemoteWebDriver.java:372)
at org.openqa.selenium.By$ById.findElement(By.java:188)
at org.openqa.selenium.remote.RemoteWebDriver.findElement(RemoteWebDriver.java:315)
at org.openqa.selenium.support.pagefactory.DefaultElementLocator.findElement(DefaultElementLocator.java:69)
at org.openqa.selenium.support.pagefactory.internal.LocatingElementHandler.invoke(LocatingElementHandler.java:38)
at com.sun.proxy.$Proxy9.sendKeys(Unknown Source)
at com.hrm.qa.pages.Admin_Paygrades.ReadExcelFile(Admin_Paygrades.java:85)
at com.hrm.qa.testcases.Admin_PaygradesTest.clickonadminpageTest(Admin_PaygradesTest.java:84)
at sun.reflect.NativeMethodAccessorImpl.invoke0(Native Method)
at sun.reflect.NativeMethodAccessorImpl.invoke(NativeMethodAccessorImpl.java:62)
at sun.reflect.DelegatingMethodAccessorImpl.invoke(DelegatingMethodAccessorImpl.java:43)
at java.lang.reflect.Method.invoke(Method.java:498)
at org.testng.internal.MethodInvocationHelper.invokeMethod(MethodInvocationHelper.java:124)
at org.testng.internal.Invoker.invokeMethod(Invoker.java:583)
at org.testng.internal.Invoker.invokeTestMethod(Invoker.java:719)
at org.testng.internal.Invoker.invokeTestMethods(Invoker.java:989)
at org.testng.internal.TestMethodWorker.invokeTestMethods(TestMethodWorker.java:125)
at org.testng.internal.TestMethodWorker.run(TestMethodWorker.java:109)
at org.testng.TestRunner.privateRun(TestRunner.java:648)
at org.testng.TestRunner.run(TestRunner.java:505)
at org.testng.SuiteRunner.runTest(SuiteRunner.java:455)
at org.testng.SuiteRunner.runSequentially(SuiteRunner.java:450)
at org.testng.SuiteRunner.privateRun(SuiteRunner.java:415)
at org.testng.SuiteRunner.run(SuiteRunner.java:364)
at org.testng.SuiteRunnerWorker.runSuite(SuiteRunnerWorker.java:52)
at org.testng.SuiteRunnerWorker.run(SuiteRunnerWorker.java:84)
at org.testng.TestNG.runSuitesSequentially(TestNG.java:1208)
at org.testng.TestNG.runSuitesLocally(TestNG.java:1137)
at org.testng.TestNG.runSuites(TestNG.java:1049)
at org.testng.TestNG.run(TestNG.java:1017)
at org.apache.maven.surefire.testng.TestNGExecutor.run(TestNGExecutor.java:295)
at org.apache.maven.surefire.testng.TestNGXmlTestSuite.execute(TestNGXmlTestSuite.java:84)
at org.apache.maven.surefire.testng.TestNGProvider.invoke(TestNGProvider.java:90)
at org.apache.maven.surefire.booter.ForkedBooter.invokeProviderInSameClassLoader(ForkedBooter.java:203)
at org.apache.maven.surefire.booter.ForkedBooter.runSuitesInProcess(ForkedBooter.java:155)
at org.apache.maven.surefire.booter.ForkedBooter.main(ForkedBooter.java:103)
]]>
            </full-stacktrace>
          </exception> <!-- org.openqa.selenium.NoSuchElementException -->
          <reporter-output>
          </reporter-output>
        </test-method> <!-- clickonadminpageTest -->
        <test-method status="PASS" signature="tearDown(org.testng.ITestResult)[pri:0, instance:com.hrm.qa.testcases.Admin_PaygradesTest@4aea35]" name="tearDown" is-config="true" duration-ms="9" started-at="2020-04-03T04:58:04Z" finished-at="2020-04-03T04:58:04Z">
          <params>
            <param index="0">
              <value>
                <![CDATA[[TestResult name=clickonadminpageTest status=FAILURE method=Admin_PaygradesTest.clickonadminpageTest()[pri:1, instance:com.hrm.qa.testcases.Admin_PaygradesTest@4aea35] output={null}]]]>
              </value>
            </param>
          </params>
          <reporter-output>
          </reporter-output>
        </test-method> <!-- tearDown -->
        <test-method status="PASS" signature="endreport()[pri:0, instance:com.hrm.qa.testcases.Admin_PaygradesTest@4aea35]" name="endreport" is-config="true" duration-ms="2" started-at="2020-04-03T04:58:56Z" finished-at="2020-04-03T04:58:56Z">
          <reporter-output>
          </reporter-output>
        </test-method> <!-- endreport -->
        <test-method status="PASS" signature="endreport()[pri:0, instance:com.hrm.qa.testcases.LoginpageTest@42d7b5]" name="endreport" is-config="true" duration-ms="0" started-at="2020-04-03T04:58:56Z" finished-at="2020-04-03T04:58:56Z">
          <reporter-output>
          </reporter-output>
        </test-method> <!-- endreport -->
      </class> <!-- com.hrm.qa.testcases.Admin_PaygradesTest -->
      <class name="com.hrm.qa.testcases.LoginpageTest">
        <test-method status="PASS" signature="setup()[pri:0, instance:com.hrm.qa.testcases.LoginpageTest@42d7b5]" name="setup" is-config="true" duration-ms="9282" started-at="2020-04-03T04:58:44Z" finished-at="2020-04-03T04:58:53Z">
          <reporter-output>
          </reporter-output>
        </test-method> <!-- setup -->
        <test-method status="PASS" signature="login()[pri:1, instance:com.hrm.qa.testcases.LoginpageTest@42d7b5]" name="login" duration-ms="2645" started-at="2020-04-03T04:58:53Z" finished-at="2020-04-03T04:58:56Z">
          <reporter-output>
          </reporter-output>
        </test-method> <!-- login -->
      </class> <!-- com.hrm.qa.testcases.LoginpageTest -->
    </test> <!-- Test -->
  </suite> <!-- Suite -->
</testng-results>
